['2026-02-17 16:04:57,610 : INFO : common : yaml file: config/config.yaml loaded successfully']
['2026-02-17 16:04:57,616 : INFO : common : yaml file: params.yaml loaded successfully']
['2026-02-17 16:04:57,617 : INFO : common : created directory at: artifacts']
['2026-02-17 16:04:57,617 : INFO : common : created directory at: artifacts/data_ingestion']
['2026-02-17 16:06:08,420 : INFO : common : yaml file: config/config.yaml loaded successfully']
['2026-02-17 16:06:08,424 : INFO : common : yaml file: params.yaml loaded successfully']
['2026-02-17 16:06:08,427 : INFO : common : created directory at: artifacts']
['2026-02-17 16:06:08,428 : INFO : common : created directory at: artifacts/data_ingestion']
['2026-02-17 16:06:22,572 : INFO : common : yaml file: config/config.yaml loaded successfully']
['2026-02-17 16:06:22,573 : INFO : common : yaml file: params.yaml loaded successfully']
['2026-02-17 16:06:22,574 : INFO : common : created directory at: artifacts']
['2026-02-17 16:06:22,575 : INFO : common : created directory at: artifacts/data_ingestion']
['2026-02-17 16:07:50,948 : INFO : common : yaml file: config/config.yaml loaded successfully']
['2026-02-17 16:07:50,950 : INFO : common : yaml file: params.yaml loaded successfully']
['2026-02-17 16:07:50,951 : INFO : common : created directory at: artifacts']
['2026-02-17 16:07:50,951 : INFO : common : created directory at: artifacts/data_ingestion']
['2026-02-17 16:07:50,952 : INFO : 4171411384 : Downloading data from https://drive.google.com/file/d/1rU2T1zDALwO-QyC8cVPtJrk0lCRLOal9/view?usp=sharing into file artifacts/data_ingestion/data.zip']
['2026-02-17 16:08:25,455 : INFO : 4171411384 : Downloaded data from https://drive.google.com/file/d/1rU2T1zDALwO-QyC8cVPtJrk0lCRLOal9/view?usp=sharing into file artifacts/data_ingestion/data.zip']
['2026-02-17 16:34:48,422 : INFO : main : >>>>>>>> stageDATA INGESTION STAGE started <<<<<']
['2026-02-17 16:34:48,423 : INFO : common : yaml file: config/config.yaml loaded successfully']
['2026-02-17 16:34:48,423 : INFO : common : yaml file: params.yaml loaded successfully']
['2026-02-17 16:34:48,423 : INFO : common : created directory at: artifacts']
['2026-02-17 16:34:48,424 : INFO : common : created directory at: artifacts/data_ingestion']
['2026-02-17 16:34:48,424 : INFO : data_ingestion : Downloading data from https://drive.google.com/file/d/1rU2T1zDALwO-QyC8cVPtJrk0lCRLOal9/view?usp=sharing into file artifacts/data_ingestion/data.zip']
['2026-02-17 16:35:21,067 : INFO : data_ingestion : Downloaded data from https://drive.google.com/file/d/1rU2T1zDALwO-QyC8cVPtJrk0lCRLOal9/view?usp=sharing into file artifacts/data_ingestion/data.zip']
['2026-02-17 16:35:32,544 : INFO : main : >>>>>>>>> stage DATA INGESTION STAGE completed <<<<<<']
